[2022-10-03T22:33:17.852863+02:00] login.INFO: User admin@mupin.it logged in! [] []
[2022-10-03T22:36:20.852227+02:00] login.INFO: User admin@mupin.it logged in! [] []
[2022-10-04T14:48:17.085621+02:00] utente.INFO: User admin@mupin.it edited record 63284349c3b8a8.54285 [] []
[2022-10-04T14:48:46.536335+02:00] login.INFO: User admin@mupin.it logged out [] []
[2022-10-25T15:37:42.279048+02:00] login.INFO: User admin@mupin.it logged in! [] []
[2022-10-26T09:36:15.328480+02:00] utente-elimina.ERROR: User admin@mupin.it tried to delete user   Errore: SQLSTATE[42000]: Syntax error or access violation: 1142 DELETE command denied to user 'user'@'localhost' for table 'logindb' [] []
[2022-10-26T09:37:32.143369+02:00] utente-elimina.INFO: User admin@mupin.it deleted admin:  [] []
[2022-10-26T09:39:17.686900+02:00] utente-elimina.INFO: User admin@mupin.it deleted admin:  [] []
[2022-10-26T09:39:59.314175+02:00] utente-elimina.INFO: User admin@mupin.it deleted admin:  [] []
[2022-10-26T09:42:34.331462+02:00] utente-elimina.INFO: User admin@mupin.it deleted admin: fabio@gmail.com [] []
[2022-10-26T09:43:37.696547+02:00] utente-elimina.INFO: User admin@mupin.it deleted admin: admin@mupin.it [] []
[2022-10-26T09:59:51.551600+02:00] utente-elimina.INFO: User admin@mupin.it deleted admin: admin@gmail.com [] []
[2022-10-26T10:01:09.843110+02:00] utente-elimina.INFO: User admin@mupin.it deleted admin: admin@gmail.com [] []
[2022-10-26T10:04:22.771387+02:00] utente-elimina.INFO: User admin@mupin.it deleted admin: admin@gmail.com [] []
[2022-10-26T10:06:29.408981+02:00] utente-elimina.INFO: User admin@mupin.it deleted admin: admin@gmail.com [] []
[2022-10-26T10:18:17.291305+02:00] utente-elimina.INFO: User admin@mupin.it deleted admin: luca@rocci.it [] []
[2022-10-26T10:19:36.471469+02:00] utente-elimina.INFO: User admin@mupin.it deleted admin: admin@gmail.com [] []
[2022-10-26T10:20:20.481005+02:00] utente-elimina.INFO: User admin@mupin.it deleted admin: admin@gmail.com [] []
[2022-10-26T10:23:04.556316+02:00] utente-elimina.INFO: User admin@mupin.it deleted admin: admin@gmail.com [] []
[2022-10-26T10:24:54.014877+02:00] utente-elimina.INFO: User admin@mupin.it deleted admin: admin@gmail.com [] []
[2022-10-26T10:31:51.717994+02:00] utente-elimina.INFO: User admin@mupin.it deleted admin: admin@gmail.com [] []
[2022-10-26T10:32:45.474683+02:00] utente-elimina.INFO: User admin@mupin.it deleted admin: admin@gmail.com [] []
[2022-10-26T10:34:31.591904+02:00] utente-elimina.INFO: User admin@mupin.it deleted admin: sdasdasda@gmail.com [] []
[2022-10-26T10:34:51.501984+02:00] utente-elimina.INFO: User admin@mupin.it deleted admin: federico@gmail.com [] []
[2022-10-26T10:36:03.386963+02:00] utente-elimina.INFO: User admin@mupin.it deleted admin: federico@gmail.com [] []
[2022-10-26T10:36:23.673277+02:00] utente-elimina.INFO: User admin@mupin.it deleted admin: federico@gmail.com [] []
[2022-10-26T10:39:28.581262+02:00] utente-elimina.INFO: User admin@mupin.it deleted admin: federico@gmail.com [] []
[2022-10-26T10:39:31.658914+02:00] utente-elimina.INFO: User admin@mupin.it deleted admin: admin@gmail.com [] []
[2022-10-26T10:40:14.125922+02:00] utente-elimina.INFO: User admin@mupin.it deleted admin: federico@gmail.com [] []
[2022-10-26T10:40:50.213164+02:00] utente-elimina.INFO: User admin@mupin.it deleted admin: federico@gmail.com [] []
[2022-10-26T10:42:00.274192+02:00] utente-elimina.INFO: User admin@mupin.it deleted admin: federico@gmail.com [] []
[2022-10-26T10:42:25.509326+02:00] utente-elimina.INFO: User admin@mupin.it deleted admin: admin@gmail.com [] []
[2022-10-26T10:42:29.133726+02:00] utente-elimina.INFO: User admin@mupin.it deleted admin: federico@gmail.com [] []
[2022-10-26T11:54:12.821357+02:00] utente-elimina.INFO: User admin@mupin.it deleted admin: fedsaerico@gmail.com [] []
[2022-10-27T09:36:16.626566+02:00] login.INFO: User admin@mupin.it logged out [] []
[2022-10-27T09:36:21.533854+02:00] login.INFO: User federico@gmail.com logged in! [] []
[2022-10-27T09:36:42.223799+02:00] login.INFO: User federico@gmail.com logged out [] []
[2022-10-27T09:36:57.930966+02:00] login.INFO: User admin@mupin.it logged in! [] []
[2022-10-27T09:55:03.593939+02:00] login.INFO: User admin@mupin.it logged out [] []
[2022-10-27T09:55:13.466402+02:00] login.INFO: User admin@mupin.it logged in! [] []
[2022-10-27T10:28:47.942701+02:00] utente.INFO: User admin@mupin.it edited record 11 [] []
[2022-10-27T10:28:47.945145+02:00] utente.ERROR: User admin@mupin.it Uploaded C:\xampp\tmp\php334B.tmp with unaccetable extention [] []
[2022-10-27T10:30:39.929397+02:00] utente.INFO: User admin@mupin.it edited record 11 [] []
[2022-10-27T10:30:39.944020+02:00] utente.ERROR: User admin@mupin.it Uploaded C:\xampp\tmp\phpE89D.tmp with unaccetable extention [] []
[2022-10-27T10:32:42.341846+02:00] utente.INFO: User admin@mupin.it edited record 11 [] []
[2022-10-27T10:32:42.344284+02:00] utente.ERROR: User admin@mupin.it Uploaded C:\xampp\tmp\phpC6E5.tmp with unaccetable extention [] []
[2022-10-27T10:34:00.979333+02:00] utente.INFO: User admin@mupin.it edited record 11 [] []
[2022-10-27T10:34:00.981427+02:00] utente.ERROR: User admin@mupin.it Uploaded C:\xampp\tmp\phpFA17.tmp with unaccetable extention [] []
[2022-10-27T10:35:32.474601+02:00] utente.INFO: User admin@mupin.it edited record 11 [] []
[2022-10-27T10:35:32.478294+02:00] utente.INFO: User admin@mupin.it Uploaded C:\xampp\tmp\php5F76.tmp saved as ../upload/img/11_01.jpg [] []
[2022-10-27T10:35:32.478782+02:00] utente.INFO: User admin@mupin.it Uploaded C:\xampp\tmp\php5F77.tmp saved as ../upload/img/11_02.jpg [] []
[2022-10-27T12:39:29.888781+02:00] utente.INFO: User admin@mupin.it edited record 11 [] []
[2022-10-27T12:39:29.894701+02:00] utente.INFO: User admin@mupin.it Uploaded C:\xampp\tmp\phpDB2A.tmp saved as ../upload/img/11_02.png [] []
[2022-10-27T12:39:35.419376+02:00] utente.INFO: User admin@mupin.it ha cancellato la foto upload/img/11_02.png [] []
[2022-10-31T13:02:45.325730+01:00] login.INFO: User admin@mupin.it logged in! [] []
[2022-11-02T09:20:31.960901+01:00] login.INFO: User admin@mupin.it logged out [] []
[2022-11-02T10:18:03.463365+01:00] login.INFO: User admin@mupin.it logged in! [] []
[2022-11-02T11:20:44.913731+01:00] login.INFO: User admin@mupin.it logged out [] []
[2022-11-02T11:21:56.887946+01:00] login.INFO: User admin@mupin.it logged in! [] []
[2022-11-02T13:13:08.726674+01:00] login.INFO: User admin@mupin.it logged out [] []
[2022-11-02T13:18:40.221712+01:00] login.INFO: User admin@mupin.it logged in! [] []
[2022-11-02T13:22:11.470767+01:00] utente.INFO: trimone@admin.it added [] []
[2022-11-02T13:22:25.501120+01:00] utente.INFO: luca@suca.it added [] []
[2022-11-02T13:23:54.994966+01:00] utente.INFO:  added [] []
[2022-11-02T13:23:59.987614+01:00] utente-elimina.INFO: User admin@mupin.it deleted admin:  [] []
[2022-11-02T13:24:13.555054+01:00] utente.INFO:  added [] []
[2022-11-02T13:24:19.450972+01:00] utente-elimina.INFO: User admin@mupin.it deleted admin:  [] []
[2022-11-02T13:24:35.817110+01:00] utente.INFO: asd added [] []
[2022-11-02T13:24:42.226430+01:00] utente-elimina.INFO: User admin@mupin.it deleted admin: asd [] []
[2022-11-02T13:27:21.962708+01:00] utente.INFO:  added [] []
[2022-11-02T13:27:28.845370+01:00] utente-elimina.INFO: User admin@mupin.it deleted admin:  [] []
[2022-11-02T13:27:47.866143+01:00] utente.INFO:  added [] []
[2022-11-02T13:27:54.156886+01:00] utente-elimina.INFO: User admin@mupin.it deleted admin:  [] []
[2022-11-02T13:28:01.002461+01:00] utente.INFO: fabio@gmail.com added [] []
[2022-11-02T13:28:39.413815+01:00] utente.INFO:  added [] []
[2022-11-02T13:29:07.788765+01:00] utente-elimina.INFO: User admin@mupin.it deleted admin:  [] []
[2022-11-02T13:29:11.092025+01:00] utente.INFO:  added [] []
[2022-11-02T14:06:09.301791+01:00] utente-elimina.INFO: User admin@mupin.it deleted admin:  [] []
[2022-11-02T15:53:57.010040+01:00] utente-elimina.INFO: User admin@mupin.it deleted admin: trimone@admin.it [] []
[2022-11-02T15:54:02.356193+01:00] utente-elimina.INFO: User admin@mupin.it deleted admin: luca@suca.it [] []
